nohup: ignoring input

> health-scheduler-ai@1.0.0 dev
> concurrently "npm run dev:server" "npm run dev:client"

[1] 
[1] > health-scheduler-ai@1.0.0 dev:client
[1] > vite
[1] 
[0] 
[0] > health-scheduler-ai@1.0.0 dev:server
[0] > nodemon server/index.js
[0] 
[0] [33m[nodemon] 3.1.11[39m
[0] [33m[nodemon] to restart at any time, enter `rs`[39m
[0] [33m[nodemon] watching path(s): *.*[39m
[0] [33m[nodemon] watching extensions: js,mjs,cjs,json[39m
[0] [32m[nodemon] starting `node server/index.js`[39m
[0] [32m[nodemon] restarting due to changes...[39m
[0] [32m[nodemon] starting `node server/index.js`[39m
[1] 
[1]   VITE v5.4.21  ready in 242 ms
[1] 
[1]   ➜  Local:   http://localhost:3002/
[1]   ➜  Network: use --host to expose
[0] [32m[nodemon] restarting due to changes...[39m
[0] [32m[nodemon] starting `node server/index.js`[39m
[0] node:events:502
[0]       throw er; // Unhandled 'error' event
[0]       ^
[0] 
[0] Error: listen EADDRINUSE: address already in use :::3000
[0]     at Server.setupListenHandle [as _listen2] (node:net:1937:16)
[0]     at listenInCluster (node:net:1994:12)
[0]     at Server.listen (node:net:2099:7)
[0]     at Function.listen (/home/ubuntu/health-scheduler-ai/node_modules/express/lib/application.js:635:24)
[0]     at file:///home/ubuntu/health-scheduler-ai/server/index.js:28:5
[0]     at ModuleJob.run (node:internal/modules/esm/module_job:271:25)
[0]     at async onImport.tracePromise.__proto__ (node:internal/modules/esm/loader:547:26)
[0]     at async asyncRunEntryPointWithESMLoader (node:internal/modules/run_main:116:5)
[0] Emitted 'error' event on Server instance at:
[0]     at emitErrorNT (node:net:1973:8)
[0]     at process.processTicksAndRejections (node:internal/process/task_queues:90:21) {
[0]   code: 'EADDRINUSE',
[0]   errno: -98,
[0]   syscall: 'listen',
[0]   address: '::',
[0]   port: 3000
[0] }
[0] 
[0] Node.js v22.13.0
[0] [31m[nodemon] app crashed - waiting for file changes before starting...[39m
[1] [vite:css] @import must precede all other statements (besides @charset or empty @layer)
[1] 3  |  @tailwind utilities;
[1] 4  |  
[1] 5  |  @import url('https://fonts.googleapis.com/css2?family=Inter:wght@300;400;500;600;700;800&display=swap');
[1]    |  ^^^^^^^^^^^^^^^^^^^^^^^^^^^^^^^^^^^^^^^^^^^^^^^^^^^^^^^^^^^^^^^^^^^^^^^^^^^^^^^^^^^^^^^^^^^^^^^^^^^^^^^^
[1] 6  |  
[1] 7  |  :root {
